<?xml version="1.0" encoding="UTF-8"?>
<testsuite name="com.jojoldu.book.springboot.web.dto.IndexControllerTest" tests="1" skipped="0" failures="0" errors="0" timestamp="2025-09-05T06:33:14.271Z" hostname="DESKTOP-9SKC8A3" time="1.568">
  <properties/>
  <testcase name="메인페이지_로딩()" classname="com.jojoldu.book.springboot.web.dto.IndexControllerTest" time="1.568"/>
  <system-out><![CDATA[15:33:08.966 [Test worker] INFO org.springframework.test.context.support.AnnotationConfigContextLoaderUtils -- Could not detect default configuration classes for test class [com.jojoldu.book.springboot.web.dto.IndexControllerTest]: IndexControllerTest does not declare any static, non-private, non-final, nested classes annotated with @Configuration.
15:33:09.118 [Test worker] INFO org.springframework.boot.test.context.SpringBootTestContextBootstrapper -- Found @SpringBootConfiguration com.jojoldu.book.springboot.Application for test class com.jojoldu.book.springboot.web.dto.IndexControllerTest

  .   ____          _            __ _ _
 /\\ / ___'_ __ _ _(_)_ __  __ _ \ \ \ \
( ( )\___ | '_ | '_| | '_ \/ _` | \ \ \ \
 \\/  ___)| |_)| | | | | || (_| |  ) ) ) )
  '  |____| .__|_| |_|_| |_\__, | / / / /
 =========|_|==============|___/=/_/_/_/
 :: Spring Boot ::                (v3.2.0)

2025-09-05T15:33:09.597+09:00  INFO 14256 --- [    Test worker] c.j.b.s.web.dto.IndexControllerTest      : Starting IndexControllerTest using Java 17.0.16 with PID 14256 (started by 405 in C:\Users\405\projects\freelec-springboot2-webservice)
2025-09-05T15:33:09.600+09:00  INFO 14256 --- [    Test worker] c.j.b.s.web.dto.IndexControllerTest      : No active profile set, falling back to 1 default profile: "default"
2025-09-05T15:33:10.415+09:00  INFO 14256 --- [    Test worker] .s.d.r.c.RepositoryConfigurationDelegate : Bootstrapping Spring Data JPA repositories in DEFAULT mode.
2025-09-05T15:33:10.476+09:00  INFO 14256 --- [    Test worker] .s.d.r.c.RepositoryConfigurationDelegate : Finished Spring Data repository scanning in 49 ms. Found 1 JPA repository interface.
2025-09-05T15:33:11.076+09:00  INFO 14256 --- [    Test worker] o.s.b.w.embedded.tomcat.TomcatWebServer  : Tomcat initialized with port 0 (http)
2025-09-05T15:33:11.088+09:00  INFO 14256 --- [    Test worker] o.apache.catalina.core.StandardService   : Starting service [Tomcat]
2025-09-05T15:33:11.088+09:00  INFO 14256 --- [    Test worker] o.apache.catalina.core.StandardEngine    : Starting Servlet engine: [Apache Tomcat/10.1.16]
2025-09-05T15:33:11.172+09:00  INFO 14256 --- [    Test worker] o.a.c.c.C.[Tomcat].[localhost].[/]       : Initializing Spring embedded WebApplicationContext
2025-09-05T15:33:11.174+09:00  INFO 14256 --- [    Test worker] w.s.c.ServletWebServerApplicationContext : Root WebApplicationContext: initialization completed in 1532 ms
2025-09-05T15:33:11.207+09:00  INFO 14256 --- [    Test worker] com.zaxxer.hikari.HikariDataSource       : HikariPool-1 - Starting...
2025-09-05T15:33:11.429+09:00  INFO 14256 --- [    Test worker] com.zaxxer.hikari.pool.HikariPool        : HikariPool-1 - Added connection conn0: url=jdbc:h2:mem:testdb user=SA
2025-09-05T15:33:11.432+09:00  INFO 14256 --- [    Test worker] com.zaxxer.hikari.HikariDataSource       : HikariPool-1 - Start completed.
2025-09-05T15:33:11.445+09:00  INFO 14256 --- [    Test worker] o.s.b.a.h2.H2ConsoleAutoConfiguration    : H2 console available at '/h2-console'. Database available at 'jdbc:h2:mem:testdb'
2025-09-05T15:33:11.622+09:00  INFO 14256 --- [    Test worker] o.hibernate.jpa.internal.util.LogHelper  : HHH000204: Processing PersistenceUnitInfo [name: default]
2025-09-05T15:33:11.715+09:00  INFO 14256 --- [    Test worker] org.hibernate.Version                    : HHH000412: Hibernate ORM core version 6.3.1.Final
2025-09-05T15:33:11.756+09:00  INFO 14256 --- [    Test worker] o.h.c.internal.RegionFactoryInitiator    : HHH000026: Second-level cache disabled
2025-09-05T15:33:12.042+09:00  INFO 14256 --- [    Test worker] o.s.o.j.p.SpringPersistenceUnitInfo      : No LoadTimeWeaver setup: ignoring JPA class transformer
2025-09-05T15:33:13.026+09:00  INFO 14256 --- [    Test worker] o.h.e.t.j.p.i.JtaPlatformInitiator       : HHH000489: No JTA platform available (set 'hibernate.transaction.jta.platform' to enable JTA platform integration)
Hibernate: 
    drop table if exists posts cascade 
Hibernate: 
    create table posts (
        created_date timestamp(6),
        id bigint generated by default as identity,
        modified_date timestamp(6),
        title varchar(500) not null,
        author varchar(255),
        content TEXT not null,
        primary key (id)
    )
2025-09-05T15:33:13.069+09:00  INFO 14256 --- [    Test worker] j.LocalContainerEntityManagerFactoryBean : Initialized JPA EntityManagerFactory for persistence unit 'default'
2025-09-05T15:33:13.365+09:00  INFO 14256 --- [    Test worker] o.s.d.j.r.query.QueryEnhancerFactory     : Hibernate is in classpath; If applicable, HQL parser will be used.
2025-09-05T15:33:13.800+09:00  WARN 14256 --- [    Test worker] JpaBaseConfiguration$JpaWebConfiguration : spring.jpa.open-in-view is enabled by default. Therefore, database queries may be performed during view rendering. Explicitly configure spring.jpa.open-in-view to disable this warning
2025-09-05T15:33:13.824+09:00  INFO 14256 --- [    Test worker] o.s.b.a.w.s.WelcomePageHandlerMapping    : Adding welcome page template: index
2025-09-05T15:33:14.254+09:00  INFO 14256 --- [    Test worker] o.s.b.w.embedded.tomcat.TomcatWebServer  : Tomcat started on port 16356 (http) with context path ''
2025-09-05T15:33:14.263+09:00  INFO 14256 --- [    Test worker] c.j.b.s.web.dto.IndexControllerTest      : Started IndexControllerTest in 4.978 seconds (process running for 6.229)
2025-09-05T15:33:15.646+09:00  INFO 14256 --- [o-auto-1-exec-1] o.a.c.c.C.[Tomcat].[localhost].[/]       : Initializing Spring DispatcherServlet 'dispatcherServlet'
2025-09-05T15:33:15.647+09:00  INFO 14256 --- [o-auto-1-exec-1] o.s.web.servlet.DispatcherServlet        : Initializing Servlet 'dispatcherServlet'
2025-09-05T15:33:15.659+09:00  INFO 14256 --- [o-auto-1-exec-1] o.s.web.servlet.DispatcherServlet        : Completed initialization in 7 ms
]]></system-out>
  <system-err><![CDATA[]]></system-err>
</testsuite>
